#
# There is insufficient memory for the Java Runtime Environment to continue.
# Native memory allocation (mmap) failed to map 65536 bytes for Failed to commit metaspace.
# Possible reasons:
#   The system is out of physical RAM or swap space
#   The process is running with CompressedOops enabled, and the Java Heap may be blocking the growth of the native heap
# Possible solutions:
#   Reduce memory load on the system
#   Increase physical memory or swap space
#   Check if swap backing store is full
#   Decrease Java heap size (-Xmx/-Xms)
#   Decrease number of Java threads
#   Decrease Java thread stack sizes (-Xss)
#   Set larger code cache with -XX:ReservedCodeCacheSize=
#   JVM is running with Unscaled Compressed Oops mode in which the Java heap is
#     placed in the first 4GB address space. The Java Heap base address is the
#     maximum limit for the native heap growth. Please use -XX:HeapBaseMinAddress
#     to set the Java Heap base and to place the Java Heap above 4GB virtual address.
# This output file may be truncated or incomplete.
#
#  Out of Memory Error (virtualSpaceNode.cpp:110), pid=1372, tid=34260
#
# JRE version: OpenJDK Runtime Environment Temurin-17.0.3+7 (17.0.3+7) (build 17.0.3+7)
# Java VM: OpenJDK 64-Bit Server VM Temurin-17.0.3+7 (17.0.3+7, mixed mode, emulated-client, tiered, compressed oops, compressed class ptrs, g1 gc, windows-amd64)
# No core dump will be written. Minidumps are not enabled by default on client versions of Windows
#

---------------  S U M M A R Y ------------

Command Line: -Dcom.sun.management.jmxremote -Dcom.sun.management.jmxremote.port=62784 -Dcom.sun.management.jmxremote.authenticate=false -Dcom.sun.management.jmxremote.ssl=false -Djava.rmi.server.hostname=localhost -Dspring.jmx.enabled=true -Dspring.application.admin.enabled=true -XX:TieredStopAtLevel=1 -Dspring.boot.project.name=demo -Dfile.encoding=UTF-8 -XX:+ShowCodeDetailsInExceptionMessages com.app.Application

Host: Intel(R) Core(TM) i5-1035G1 CPU @ 1.00GHz, 8 cores, 7G,  Windows 10 , 64 bit Build 19041 (10.0.19041.1889)
Time: Mon Sep 26 01:34:36 2022 Sri Lanka Standard Time elapsed time: 7.609747 seconds (0d 0h 0m 7s)

---------------  T H R E A D  ---------------

Current thread (0x0000015bfd76a8c0):  JavaThread "restartedMain" [_thread_in_vm, id=34260, stack(0x0000003d3d500000,0x0000003d3d600000)]

Stack: [0x0000003d3d500000,0x0000003d3d600000]
Native frames: (J=compiled Java code, j=interpreted, Vv=VM code, C=native code)
V  [jvm.dll+0x675efa]
V  [jvm.dll+0x830a24]
V  [jvm.dll+0x8321ce]
V  [jvm.dll+0x832833]
V  [jvm.dll+0x2454b5]
V  [jvm.dll+0x82c9cb]
V  [jvm.dll+0x61ab26]
V  [jvm.dll+0x61ab8a]
V  [jvm.dll+0x61d3aa]
V  [jvm.dll+0x61b4c6]
V  [jvm.dll+0x239a1f]
V  [jvm.dll+0x6252d5]
V  [jvm.dll+0x1ea19b]
V  [jvm.dll+0x1ea6d5]
V  [jvm.dll+0x1eb10f]
V  [jvm.dll+0x1e05b1]
V  [jvm.dll+0x53bb80]
V  [jvm.dll+0x1f0da7]
V  [jvm.dll+0x7aae5b]
V  [jvm.dll+0x7ac202]
V  [jvm.dll+0x7ac538]
V  [jvm.dll+0x23d79e]
V  [jvm.dll+0x23d9ef]
V  [jvm.dll+0x559208]
V  [jvm.dll+0x55c070]
V  [jvm.dll+0x382dc7]
V  [jvm.dll+0x38241f]
C  0x0000015bf1d491e2

Java frames: (J=compiled Java code, j=interpreted, Vv=VM code)
j  java.util.concurrent.CompletableFuture.<clinit>()V+11 java.base@17.0.3
v  ~StubRoutines::call_stub
j  org.hibernate.event.service.internal.EventListenerGroupImpl.<clinit>()V+18
v  ~StubRoutines::call_stub
j  org.hibernate.event.service.internal.EventListenerRegistryImpl$Builder.lambda$prepareListeners$0(Lorg/hibernate/event/spi/EventType;Lorg/hibernate/event/spi/EventType;)Lorg/hibernate/event/service/internal/EventListenerGroupImpl;+38
j  org.hibernate.event.service.internal.EventListenerRegistryImpl$Builder$$Lambda$862+0x00000001006e0478.apply(Ljava/lang/Object;)Ljava/lang/Object;+12
j  org.hibernate.event.service.internal.EventListenerRegistryImpl$Builder.prepareListeners(Lorg/hibernate/event/spi/EventType;Ljava/lang/Object;Ljava/util/function/Function;)V+2
j  org.hibernate.event.service.internal.EventListenerRegistryImpl$Builder.prepareListeners(Lorg/hibernate/event/spi/EventType;Ljava/lang/Object;)V+10
j  org.hibernate.event.service.internal.EventListenerRegistryImpl$Builder.applyStandardListeners()V+11
j  org.hibernate.event.service.internal.EventListenerRegistryImpl$Builder.<init>(Lorg/hibernate/jpa/event/internal/CallbackRegistryImplementor;Z)V+34
j  org.hibernate.event.spi.EventEngine.<init>(Lorg/hibernate/boot/spi/MetadataImplementor;Lorg/hibernate/engine/spi/SessionFactoryImplementor;)V+48
j  org.hibernate.internal.SessionFactoryImpl.<init>(Lorg/hibernate/boot/spi/MetadataImplementor;Lorg/hibernate/boot/spi/SessionFactoryOptions;Lorg/hibernate/engine/query/spi/QueryPlanCache$QueryPlanCreator;)V+84
j  org.hibernate.boot.internal.SessionFactoryBuilderImpl.build()Lorg/hibernate/SessionFactory;+64
j  org.hibernate.jpa.boot.internal.EntityManagerFactoryBuilderImpl.build()Ljavax/persistence/EntityManagerFactory;+22
j  org.springframework.orm.jpa.vendor.SpringHibernateJpaPersistenceProvider.createContainerEntityManagerFactory(Ljavax/persistence/spi/PersistenceUnitInfo;Ljava/util/Map;)Ljavax/persistence/EntityManagerFactory;+55
j  org.springframework.orm.jpa.LocalContainerEntityManagerFactoryBean.createNativeEntityManagerFactory()Ljavax/persistence/EntityManagerFactory;+129
j  org.springframework.orm.jpa.AbstractEntityManagerFactoryBean.buildNativeEntityManagerFactory()Ljavax/persistence/EntityManagerFactory;+1
j  org.springframework.orm.jpa.AbstractEntityManagerFactoryBean.afterPropertiesSet()V+192
j  org.springframework.orm.jpa.LocalContainerEntityManagerFactoryBean.afterPropertiesSet()V+77
j  org.springframework.beans.factory.support.AbstractAutowireCapableBeanFactory.invokeInitMethods(Ljava/lang/String;Ljava/lang/Object;Lorg/springframework/beans/factory/support/RootBeanDefinition;)V+106
j  org.springframework.beans.factory.support.AbstractAutowireCapableBeanFactory.initializeBean(Ljava/lang/String;Ljava/lang/Object;Lorg/springframework/beans/factory/support/RootBeanDefinition;)Ljava/lang/Object;+59
j  org.springframework.beans.factory.support.AbstractAutowireCapableBeanFactory.doCreateBean(Ljava/lang/String;Lorg/springframework/beans/factory/support/RootBeanDefinition;[Ljava/lang/Object;)Ljava/lang/Object;+245
j  org.springframework.beans.factory.support.AbstractAutowireCapableBeanFactory.createBean(Ljava/lang/String;Lorg/springframework/beans/factory/support/RootBeanDefinition;[Ljava/lang/Object;)Ljava/lang/Object;+169
j  org.springframework.beans.factory.support.AbstractBeanFactory.lambda$doGetBean$0(Ljava/lang/String;Lorg/springframework/beans/factory/support/RootBeanDefinition;[Ljava/lang/Object;)Ljava/lang/Object;+4
j  org.springframework.beans.factory.support.AbstractBeanFactory$$Lambda$322+0x00000001002c5340.getObject()Ljava/lang/Object;+16
j  org.springframework.beans.factory.support.DefaultSingletonBeanRegistry.getSingleton(Ljava/lang/String;Lorg/springframework/beans/factory/ObjectFactory;)Ljava/lang/Object;+132
J 3201 c1 org.springframework.beans.factory.support.AbstractBeanFactory.doGetBean(Ljava/lang/String;Ljava/lang/Class;[Ljava/lang/Object;Z)Ljava/lang/Object; (832 bytes) @ 0x0000015bf2444334 [0x0000015bf2443d80+0x00000000000005b4]
j  org.springframework.beans.factory.support.AbstractBeanFactory.getBean(Ljava/lang/String;Ljava/lang/Class;[Ljava/lang/Object;)Ljava/lang/Object;+5
j  org.springframework.beans.factory.support.DefaultListableBeanFactory.resolveNamedBean(Ljava/lang/String;Lorg/springframework/core/ResolvableType;[Ljava/lang/Object;)Lorg/springframework/beans/factory/config/NamedBeanHolder;+4
j  org.springframework.beans.factory.support.DefaultListableBeanFactory.resolveNamedBean(Lorg/springframework/core/ResolvableType;[Ljava/lang/Object;Z)Lorg/springframework/beans/factory/config/NamedBeanHolder;+128
j  org.springframework.beans.factory.support.DefaultListableBeanFactory.resolveBean(Lorg/springframework/core/ResolvableType;[Ljava/lang/Object;Z)Ljava/lang/Object;+4
j  org.springframework.beans.factory.support.DefaultListableBeanFactory.getBean(Ljava/lang/Class;[Ljava/lang/Object;)Ljava/lang/Object;+13
j  org.springframework.beans.factory.support.DefaultListableBeanFactory.getBean(Ljava/lang/Class;)Ljava/lang/Object;+6
j  org.springframework.orm.jpa.EntityManagerFactoryUtils.findEntityManagerFactory(Lorg/springframework/beans/factory/ListableBeanFactory;Ljava/lang/String;)Ljavax/persistence/EntityManagerFactory;+105
j  org.springframework.orm.jpa.EntityManagerFactoryAccessor.setBeanFactory(Lorg/springframework/beans/factory/BeanFactory;)V+52
j  org.springframework.beans.factory.support.AbstractAutowireCapableBeanFactory.invokeAwareMethods(Ljava/lang/String;Ljava/lang/Object;)V+62
j  org.springframework.beans.factory.support.AbstractAutowireCapableBeanFactory.initializeBean(Ljava/lang/String;Ljava/lang/Object;Lorg/springframework/beans/factory/support/RootBeanDefinition;)Ljava/lang/Object;+28
j  org.springframework.beans.factory.support.AbstractAutowireCapableBeanFactory.doCreateBean(Ljava/lang/String;Lorg/springframework/beans/factory/support/RootBeanDefinition;[Ljava/lang/Object;)Ljava/lang/Object;+245
j  org.springframework.beans.factory.support.AbstractAutowireCapableBeanFactory.createBean(Ljava/lang/String;Lorg/springframework/beans/factory/support/RootBeanDefinition;[Ljava/lang/Object;)Ljava/lang/Object;+169
j  org.springframework.beans.factory.support.AbstractBeanFactory.lambda$doGetBean$0(Ljava/lang/String;Lorg/springframework/beans/factory/support/RootBeanDefinition;[Ljava/lang/Object;)Ljava/lang/Object;+4
j  org.springframework.beans.factory.support.AbstractBeanFactory$$Lambda$322+0x00000001002c5340.getObject()Ljava/lang/Object;+16
j  org.springframework.beans.factory.support.DefaultSingletonBeanRegistry.getSingleton(Ljava/lang/String;Lorg/springframework/beans/factory/ObjectFactory;)Ljava/lang/Object;+132
J 3201 c1 org.springframework.beans.factory.support.AbstractBeanFactory.doGetBean(Ljava/lang/String;Ljava/lang/Class;[Ljava/lang/Object;Z)Ljava/lang/Object; (832 bytes) @ 0x0000015bf2444334 [0x0000015bf2443d80+0x00000000000005b4]
j  org.springframework.beans.factory.support.AbstractBeanFactory.getBean(Ljava/lang/String;)Ljava/lang/Object;+5
j  org.springframework.beans.factory.config.DependencyDescriptor.resolveCandidate(Ljava/lang/String;Ljava/lang/Class;Lorg/springframework/beans/factory/BeanFactory;)Ljava/lang/Object;+2
j  org.springframework.beans.factory.support.DefaultListableBeanFactory.doResolveDependency(Lorg/springframework/beans/factory/config/DependencyDescriptor;Ljava/lang/String;Ljava/util/Set;Lorg/springframework/beans/TypeConverter;)Ljava/lang/Object;+440
j  org.springframework.beans.factory.support.DefaultListableBeanFactory.resolveDependency(Lorg/springframework/beans/factory/config/DependencyDescriptor;Ljava/lang/String;Ljava/util/Set;Lorg/springframework/beans/TypeConverter;)Ljava/lang/Object;+108
j  org.springframework.beans.factory.support.ConstructorResolver.resolveAutowiredArgument(Lorg/springframework/core/MethodParameter;Ljava/lang/String;Ljava/util/Set;Lorg/springframework/beans/TypeConverter;Z)Ljava/lang/Object;+79
j  org.springframework.beans.factory.support.ConstructorResolver.createArgumentArray(Ljava/lang/String;Lorg/springframework/beans/factory/support/RootBeanDefinition;Lorg/springframework/beans/factory/config/ConstructorArgumentValues;Lorg/springframework/beans/BeanWrapper;[Ljava/lang/Class;[Ljava/lang/String;Ljava/lang/reflect/Executable;ZZ)Lorg/springframework/beans/factory/support/ConstructorResolver$ArgumentsHolder;+434
j  org.springframework.beans.factory.support.ConstructorResolver.instantiateUsingFactoryMethod(Ljava/lang/String;Lorg/springframework/beans/factory/support/RootBeanDefinition;[Ljava/lang/Object;)Lorg/springframework/beans/BeanWrapper;+736
j  org.springframework.beans.factory.support.AbstractAutowireCapableBeanFactory.instantiateUsingFactoryMethod(Ljava/lang/String;Lorg/springframework/beans/factory/support/RootBeanDefinition;[Ljava/lang/Object;)Lorg/springframework/beans/BeanWrapper;+11
j  org.springframework.beans.factory.support.AbstractAutowireCapableBeanFactory.createBeanInstance(Ljava/lang/String;Lorg/springframework/beans/factory/support/RootBeanDefinition;[Ljava/lang/Object;)Lorg/springframework/beans/BeanWrapper;+102
j  org.springframework.beans.factory.support.AbstractAutowireCapableBeanFactory.doCreateBean(Ljava/lang/String;Lorg/springframework/beans/factory/support/RootBeanDefinition;[Ljava/lang/Object;)Ljava/lang/Object;+34
j  org.springframework.beans.factory.support.AbstractAutowireCapableBeanFactory.createBean(Ljava/lang/String;Lorg/springframework/beans/factory/support/RootBeanDefinition;[Ljava/lang/Object;)Ljava/lang/Object;+169
j  org.springframework.beans.factory.support.AbstractBeanFactory.lambda$doGetBean$0(Ljava/lang/String;Lorg/springframework/beans/factory/support/RootBeanDefinition;[Ljava/lang/Object;)Ljava/lang/Object;+4
j  org.springframework.beans.factory.support.AbstractBeanFactory$$Lambda$322+0x00000001002c5340.getObject()Ljava/lang/Object;+16
j  org.springframework.beans.factory.support.DefaultSingletonBeanRegistry.getSingleton(Ljava/lang/String;Lorg/springframework/beans/factory/ObjectFactory;)Ljava/lang/Object;+132
J 3201 c1 org.springframework.beans.factory.support.AbstractBeanFactory.doGetBean(Ljava/lang/String;Ljava/lang/Class;[Ljava/lang/Object;Z)Ljava/lang/Object; (832 bytes) @ 0x0000015bf2444334 [0x0000015bf2443d80+0x00000000000005b4]
j  org.springframework.beans.factory.support.AbstractBeanFactory.getBean(Ljava/lang/String;)Ljava/lang/Object;+5
j  org.springframework.beans.factory.config.DependencyDescriptor.resolveCandidate(Ljava/lang/String;Ljava/lang/Class;Lorg/springframework/beans/factory/BeanFactory;)Ljava/lang/Object;+2
j  org.springframework.beans.factory.support.DefaultListableBeanFactory.addCandidateEntry(Ljava/util/Map;Ljava/lang/String;Lorg/springframework/beans/factory/config/DependencyDescriptor;Ljava/lang/Class;)V+12
j  org.springframework.beans.factory.support.DefaultListableBeanFactory.findAutowireCandidates(Ljava/lang/String;Ljava/lang/Class;Lorg/springframework/beans/factory/config/DependencyDescriptor;)Ljava/util/Map;+179
j  org.springframework.beans.factory.support.DefaultListableBeanFactory.resolveMultipleBeans(Lorg/springframework/beans/factory/config/DependencyDescriptor;Ljava/lang/String;Ljava/util/Set;Lorg/springframework/beans/TypeConverter;)Ljava/lang/Object;+332
j  org.springframework.beans.factory.support.DefaultListableBeanFactory.doResolveDependency(Lorg/springframework/beans/factory/config/DependencyDescriptor;Ljava/lang/String;Ljava/util/Set;Lorg/springframework/beans/TypeConverter;)Ljava/lang/Object;+207
j  org.springframework.beans.factory.support.DefaultListableBeanFactory.resolveDependency(Lorg/springframework/beans/factory/config/DependencyDescriptor;Ljava/lang/String;Ljava/util/Set;Lorg/springframework/beans/TypeConverter;)Ljava/lang/Object;+108
j  org.springframework.beans.factory.annotation.AutowiredAnnotationBeanPostProcessor$AutowiredMethodElement.resolveMethodArguments(Ljava/lang/reflect/Method;Ljava/lang/Object;Ljava/lang/String;)[Ljava/lang/Object;+133
j  org.springframework.beans.factory.annotation.AutowiredAnnotationBeanPostProcessor$AutowiredMethodElement.inject(Ljava/lang/Object;Ljava/lang/String;Lorg/springframework/beans/PropertyValues;)V+55
j  org.springframework.beans.factory.annotation.InjectionMetadata.inject(Ljava/lang/Object;Ljava/lang/String;Lorg/springframework/beans/PropertyValues;)V+68
j  org.springframework.beans.factory.annotation.AutowiredAnnotationBeanPostProcessor.postProcessProperties(Lorg/springframework/beans/PropertyValues;Ljava/lang/Object;Ljava/lang/String;)Lorg/springframework/beans/PropertyValues;+17
j  org.springframework.beans.factory.support.AbstractAutowireCapableBeanFactory.populateBean(Ljava/lang/String;Lorg/springframework/beans/factory/support/RootBeanDefinition;Lorg/springframework/beans/BeanWrapper;)V+265
j  org.springframework.beans.factory.support.AbstractAutowireCapableBeanFactory.doCreateBean(Ljava/lang/String;Lorg/springframework/beans/factory/support/RootBeanDefinition;[Ljava/lang/Object;)Ljava/lang/Object;+237
j  org.springframework.beans.factory.support.AbstractAutowireCapableBeanFactory.createBean(Ljava/lang/String;Lorg/springframework/beans/factory/support/RootBeanDefinition;[Ljava/lang/Object;)Ljava/lang/Object;+169
j  org.springframework.beans.factory.support.AbstractBeanFactory.lambda$doGetBean$0(Ljava/lang/String;Lorg/springframework/beans/factory/support/RootBeanDefinition;[Ljava/lang/Object;)Ljava/lang/Object;+4
j  org.springframework.beans.factory.support.AbstractBeanFactory$$Lambda$322+0x00000001002c5340.getObject()Ljava/lang/Object;+16
j  org.springframework.beans.factory.support.DefaultSingletonBeanRegistry.getSingleton(Ljava/lang/String;Lorg/springframework/beans/factory/ObjectFactory;)Ljava/lang/Object;+132
J 3201 c1 org.springframework.beans.factory.support.AbstractBeanFactory.doGetBean(Ljava/lang/String;Ljava/lang/Class;[Ljava/lang/Object;Z)Ljava/lang/Object; (832 bytes) @ 0x0000015bf2444334 [0x0000015bf2443d80+0x00000000000005b4]
j  org.springframework.beans.factory.support.AbstractBeanFactory.getBean(Ljava/lang/String;)Ljava/lang/Object;+5
j  org.springframework.beans.factory.support.ConstructorResolver.instantiateUsingFactoryMethod(Ljava/lang/String;Lorg/springframework/beans/factory/support/RootBeanDefinition;[Ljava/lang/Object;)Lorg/springframework/beans/BeanWrapper;+59
j  org.springframework.beans.factory.support.AbstractAutowireCapableBeanFactory.instantiateUsingFactoryMethod(Ljava/lang/String;Lorg/springframework/beans/factory/support/RootBeanDefinition;[Ljava/lang/Object;)Lorg/springframework/beans/BeanWrapper;+11
j  org.springframework.beans.factory.support.AbstractAutowireCapableBeanFactory.createBeanInstance(Ljava/lang/String;Lorg/springframework/beans/factory/support/RootBeanDefinition;[Ljava/lang/Object;)Lorg/springframework/beans/BeanWrapper;+102
j  org.springframework.beans.factory.support.AbstractAutowireCapableBeanFactory.doCreateBean(Ljava/lang/String;Lorg/springframework/beans/factory/support/RootBeanDefinition;[Ljava/lang/Object;)Ljava/lang/Object;+34
j  org.springframework.beans.factory.support.AbstractAutowireCapableBeanFactory.createBean(Ljava/lang/String;Lorg/springframework/beans/factory/support/RootBeanDefinition;[Ljava/lang/Object;)Ljava/lang/Object;+169
j  org.springframework.beans.factory.support.AbstractBeanFactory.lambda$doGetBean$0(Ljava/lang/String;Lorg/springframework/beans/factory/support/RootBeanDefinition;[Ljava/lang/Object;)Ljava/lang/Object;+4
j  org.springframework.beans.factory.support.AbstractBeanFactory$$Lambda$322+0x00000001002c5340.getObject()Ljava/lang/Object;+16
j  org.springframework.beans.factory.support.DefaultSingletonBeanRegistry.getSingleton(Ljava/lang/String;Lorg/springframework/beans/factory/ObjectFactory;)Ljava/lang/Object;+132
J 3201 c1 org.springframework.beans.factory.support.AbstractBeanFactory.doGetBean(Ljava/lang/String;Ljava/lang/Class;[Ljava/lang/Object;Z)Ljava/lang/Object; (832 bytes) @ 0x0000015bf2444334 [0x0000015bf2443d80+0x00000000000005b4]
j  org.springframework.beans.factory.support.AbstractBeanFactory.getBean(Ljava/lang/String;)Ljava/lang/Object;+5
j  org.springframework.beans.factory.config.DependencyDescriptor.resolveCandidate(Ljava/lang/String;Ljava/lang/Class;Lorg/springframework/beans/factory/BeanFactory;)Ljava/lang/Object;+2
j  org.springframework.beans.factory.support.DefaultListableBeanFactory.doResolveDependency(Lorg/springframework/beans/factory/config/DependencyDescriptor;Ljava/lang/String;Ljava/util/Set;Lorg/springframework/beans/TypeConverter;)Ljava/lang/Object;+440
j  org.springframework.beans.factory.support.DefaultListableBeanFactory.resolveDependency(Lorg/springframework/beans/factory/config/DependencyDescriptor;Ljava/lang/String;Ljava/util/Set;Lorg/springframework/beans/TypeConverter;)Ljava/lang/Object;+108
j  org.springframework.beans.factory.annotation.AutowiredAnnotationBeanPostProcessor$AutowiredMethodElement.resolveMethodArguments(Ljava/lang/reflect/Method;Ljava/lang/Object;Ljava/lang/String;)[Ljava/lang/Object;+133
j  org.springframework.beans.factory.annotation.AutowiredAnnotationBeanPostProcessor$AutowiredMethodElement.inject(Ljava/lang/Object;Ljava/lang/String;Lorg/springframework/beans/PropertyValues;)V+55
j  org.springframework.beans.factory.annotation.InjectionMetadata.inject(Ljava/lang/Object;Ljava/lang/String;Lorg/springframework/beans/PropertyValues;)V+68
j  org.springframework.beans.factory.annotation.AutowiredAnnotationBeanPostProcessor.postProcessProperties(Lorg/springframework/beans/PropertyValues;Ljava/lang/Object;Ljava/lang/String;)Lorg/springframework/beans/PropertyValues;+17
j  org.springframework.beans.factory.support.AbstractAutowireCapableBeanFactory.populateBean(Ljava/lang/String;Lorg/springframework/beans/factory/support/RootBeanDefinition;Lorg/springframework/beans/BeanWrapper;)V+265
j  org.springframework.beans.factory.support.AbstractAutowireCapableBeanFactory.doCreateBean(Ljava/lang/String;Lorg/springframework/beans/factory/support/RootBeanDefinition;[Ljava/lang/Object;)Ljava/lang/Object;+237
j  org.springframework.beans.factory.support.AbstractAutowireCapableBeanFactory.createBean(Ljava/lang/String;Lorg/springframework/beans/factory/support/RootBeanDefinition;[Ljava/lang/Object;)Ljava/lang/Object;+169
j  org.springframework.beans.factory.support.AbstractBeanFactory.lambda$doGetBean$0(Ljava/lang/String;Lorg/springframework/beans/factory/support/RootBeanDefinition;[Ljava/lang/Object;)Ljava/lang/Object;+4
j  org.springframework.beans.factory.support.AbstractBeanFactory$$Lambda$322+0x00000001002c5340.getObject()Ljava/lang/Object;+16
j  org.springframework.beans.factory.support.DefaultSingletonBeanRegistry.getSingleton(Ljava/lang/String;Lorg/springframework/beans/factory/ObjectFactory;)Ljava/lang/Object;+132
J 3201 c1 org.springframework.beans.factory.support.AbstractBeanFactory.doGetBean(Ljava/lang/String;Ljava/lang/Class;[Ljava/lang/Object;Z)Ljava/lang/Object; (832 bytes) @ 0x0000015bf2444334 [0x0000015bf2443d80+0x00000000000005b4]
j  org.springframework.beans.factory.support.AbstractBeanFactory.getBean(Ljava/lang/String;)Ljava/lang/Object;+5
j  org.springframework.beans.factory.support.ConstructorResolver.instantiateUsingFactoryMethod(Ljava/lang/String;Lorg/springframework/beans/factory/support/RootBeanDefinition;[Ljava/lang/Object;)Lorg/springframework/beans/BeanWrapper;+59
j  org.springframework.beans.factory.support.AbstractAutowireCapableBeanFactory.instantiateUsingFactoryMethod(Ljava/lang/String;Lorg/springframework/beans/factory/support/RootBeanDefinition;[Ljava/lang/Object;)Lorg/springframework/beans/BeanWrapper;+11
j  org.springframework.beans.factory.support.AbstractAutowireCapableBeanFactory.createBeanInstance(Ljava/lang/String;Lorg/springframework/beans/factory/support/RootBeanDefinition;[Ljava/lang/Object;)Lorg/springframework/beans/BeanWrapper;+102
j  org.springframework.beans.factory.support.AbstractAutowireCapableBeanFactory.doCreateBean(Ljava/lang/String;Lorg/springframework/beans/factory/support/RootBeanDefinition;[Ljava/lang/Object;)Ljava/lang/Object;+34
j  org.springframework.beans.factory.support.AbstractAutowireCapableBeanFactory.createBean(Ljava/lang/String;Lorg/springframework/beans/factory/support/RootBeanDefinition;[Ljava/lang/Object;)Ljava/lang/Object;+169
j  org.springframework.beans.factory.support.AbstractBeanFactory.lambda$doGetBean$0(Ljava/lang/String;Lorg/springframework/beans/factory/support/RootBeanDefinition;[Ljava/lang/Object;)Ljava/lang/Object;+4
j  org.springframework.beans.factory.support.AbstractBeanFactory$$Lambda$322+0x00000001002c5340.getObject()Ljava/lang/Object;+16
j  org.springframework.beans.factory.support.DefaultSingletonBeanRegistry.getSingleton(Ljava/lang/String;Lorg/springframework/beans/factory/ObjectFactory;)Ljava/lang/Object;+132
J 3201 c1 org.springframework.beans.factory.support.AbstractBeanFactory.doGetBean(Ljava/lang/String;Ljava/lang/Class;[Ljava/lang/Object;Z)Ljava/lang/Object; (832 bytes) @ 0x0000015bf2444334 [0x0000015bf2443d80+0x00000000000005b4]
J 2683 c1 org.springframework.beans.factory.support.AbstractBeanFactory.getBean(Ljava/lang/String;Ljava/lang/Class;)Ljava/lang/Object; (9 bytes) @ 0x0000015bf236cae4 [0x0000015bf236caa0+0x0000000000000044]
j  org.springframework.boot.web.servlet.ServletContextInitializerBeans.getOrderedBeansOfType(Lorg/springframework/beans/factory/ListableBeanFactory;Ljava/lang/Class;Ljava/util/Set;)Ljava/util/List;+69
j  org.springframework.boot.web.servlet.ServletContextInitializerBeans.addAsRegistrationBean(Lorg/springframework/beans/factory/ListableBeanFactory;Ljava/lang/Class;Ljava/lang/Class;Lorg/springframework/boot/web/servlet/ServletContextInitializerBeans$RegistrationBeanAdapter;)V+7
j  org.springframework.boot.web.servlet.ServletContextInitializerBeans.addAsRegistrationBean(Lorg/springframework/beans/factory/ListableBeanFactory;Ljava/lang/Class;Lorg/springframework/boot/web/servlet/ServletContextInitializerBeans$RegistrationBeanAdapter;)V+5
j  org.springframework.boot.web.servlet.ServletContextInitializerBeans.addAdaptableBeans(Lorg/springframework/beans/factory/ListableBeanFactory;)V+33
j  org.springframework.boot.web.servlet.ServletContextInitializerBeans.<init>(Lorg/springframework/beans/factory/ListableBeanFactory;[Ljava/lang/Class;)V+54
j  org.springframework.boot.web.servlet.context.ServletWebServerApplicationContext.getServletContextInitializerBeans()Ljava/util/Collection;+12
j  org.springframework.boot.web.servlet.context.ServletWebServerApplicationContext.selfInitialize(Ljavax/servlet/ServletContext;)V+19
j  org.springframework.boot.web.servlet.context.ServletWebServerApplicationContext$$Lambda$710+0x00000001004f4428.onStartup(Ljavax/servlet/ServletContext;)V+5
j  org.springframework.boot.web.embedded.tomcat.TomcatStarter.onStartup(Ljava/util/Set;Ljavax/servlet/ServletContext;)V+28
j  org.apache.catalina.core.StandardContext.startInternal()V+1067
j  org.apache.catalina.util.LifecycleBase.start()V+210
j  org.apache.catalina.core.ContainerBase$StartChild.call()Ljava/lang/Void;+4
j  org.apache.catalina.core.ContainerBase$StartChild.call()Ljava/lang/Object;+1
j  java.util.concurrent.FutureTask.run()V+39 java.base@17.0.3
j  org.apache.tomcat.util.threads.InlineExecutorService.execute(Ljava/lang/Runnable;)V+38
j  java.util.concurrent.AbstractExecutorService.submit(Ljava/util/concurrent/Callable;)Ljava/util/concurrent/Future;+20 java.base@17.0.3
j  org.apache.catalina.core.ContainerBase.startInternal()V+106
j  org.apache.catalina.core.StandardHost.startInternal()V+175
j  org.apache.catalina.util.LifecycleBase.start()V+210
j  org.apache.catalina.core.ContainerBase$StartChild.call()Ljava/lang/Void;+4
j  org.apache.catalina.core.ContainerBase$StartChild.call()Ljava/lang/Object;+1
j  java.util.concurrent.FutureTask.run()V+39 java.base@17.0.3
j  org.apache.tomcat.util.threads.InlineExecutorService.execute(Ljava/lang/Runnable;)V+38
j  java.util.concurrent.AbstractExecutorService.submit(Ljava/util/concurrent/Callable;)Ljava/util/concurrent/Future;+20 java.base@17.0.3
j  org.apache.catalina.core.ContainerBase.startInternal()V+106
j  org.apache.catalina.core.StandardEngine.startInternal()V+38
j  org.apache.catalina.util.LifecycleBase.start()V+210
j  org.apache.catalina.core.StandardService.startInternal()V+63
j  org.apache.catalina.util.LifecycleBase.start()V+210
j  org.apache.catalina.core.StandardServer.startInternal()V+53
j  org.apache.catalina.util.LifecycleBase.start()V+210
j  org.apache.catalina.startup.Tomcat.start()V+9
j  org.springframework.boot.web.embedded.tomcat.TomcatWebServer.initialize()V+64
j  org.springframework.boot.web.embedded.tomcat.TomcatWebServer.<init>(Lorg/apache/catalina/startup/Tomcat;ZLorg/springframework/boot/web/server/Shutdown;)V+66
j  org.springframework.boot.web.embedded.tomcat.TomcatServletWebServerFactory.getTomcatWebServer(Lorg/apache/catalina/startup/Tomcat;)Lorg/springframework/boot/web/embedded/tomcat/TomcatWebServer;+21
j  org.springframework.boot.web.embedded.tomcat.TomcatServletWebServerFactory.getWebServer([Lorg/springframework/boot/web/servlet/ServletContextInitializer;)Lorg/springframework/boot/web/server/WebServer;+212
j  org.springframework.boot.web.servlet.context.ServletWebServerApplicationContext.createWebServer()V+67
j  org.springframework.boot.web.servlet.context.ServletWebServerApplicationContext.onRefresh()V+5
j  org.springframework.context.support.AbstractApplicationContext.refresh()V+77
j  org.springframework.boot.web.servlet.context.ServletWebServerApplicationContext.refresh()V+1
j  org.springframework.boot.SpringApplication.refresh(Lorg/springframework/context/ConfigurableApplicationContext;)V+1
j  org.springframework.boot.SpringApplication.refreshContext(Lorg/springframework/context/ConfigurableApplicationContext;)V+16
j  org.springframework.boot.SpringApplication.run([Ljava/lang/String;)Lorg/springframework/context/ConfigurableApplicationContext;+107
j  org.springframework.boot.SpringApplication.run([Ljava/lang/Class;[Ljava/lang/String;)Lorg/springframework/context/ConfigurableApplicationContext;+9
j  org.springframework.boot.SpringApplication.run(Ljava/lang/Class;[Ljava/lang/String;)Lorg/springframework/context/ConfigurableApplicationContext;+9
j  com.app.Application.main([Ljava/lang/String;)V+3
v  ~StubRoutines::call_stub
j  jdk.internal.reflect.NativeMethodAccessorImpl.invoke0(Ljava/lang/reflect/Method;Ljava/lang/Object;[Ljava/lang/Object;)Ljava/lang/Object;+0 java.base@17.0.3
j  jdk.internal.reflect.NativeMethodAccessorImpl.invoke(Ljava/lang/Object;[Ljava/lang/Object;)Ljava/lang/Object;+133 java.base@17.0.3
j  jdk.internal.reflect.DelegatingMethodAccessorImpl.invoke(Ljava/lang/Object;[Ljava/lang/Object;)Ljava/lang/Object;+6 java.base@17.0.3
j  java.lang.reflect.Method.invoke(Ljava/lang/Object;[Ljava/lang/Object;)Ljava/lang/Object;+59 java.base@17.0.3
j  org.springframework.boot.devtools.restart.RestartLauncher.run()V+42
v  ~StubRoutines::call_stub

---------------  P R O C E S S  ---------------

Threads class SMR info:
_java_thread_list=0x0000015bfeed2100, length=25, elements={
0x0000015bee67cbf0, 0x0000015bfcc133e0, 0x0000015bfc2c3820, 0x0000015bfc29e780,
0x0000015bfc2a1550, 0x0000015bfc2a1e10, 0x0000015bfc2a46e0, 0x0000015bfc2a4fa0,
0x0000015bfcc39910, 0x0000015bfcc8b2d0, 0x0000015bfcd956b0, 0x0000015bfcdfea50,
0x0000015bfd3a4730, 0x0000015bfd3914c0, 0x0000015bfd436010, 0x0000015bfd4380b0,
0x0000015bfd460630, 0x0000015bfd4a0750, 0x0000015bfd49dba0, 0x0000015bfd76a3f0,
0x0000015bfd76a8c0, 0x0000015bfe665840, 0x0000015bfd76c0d0, 0x0000015bfd769a50,
0x0000015bfd769f20
}

Java Threads: ( => current thread )
  0x0000015bee67cbf0 JavaThread "main" [_thread_blocked, id=31668, stack(0x0000003d3b100000,0x0000003d3b200000)]
  0x0000015bfcc133e0 JavaThread "Reference Handler" daemon [_thread_blocked, id=34116, stack(0x0000003d3b800000,0x0000003d3b900000)]
  0x0000015bfc2c3820 JavaThread "Finalizer" daemon [_thread_blocked, id=8320, stack(0x0000003d3b900000,0x0000003d3ba00000)]
  0x0000015bfc29e780 JavaThread "Signal Dispatcher" daemon [_thread_blocked, id=14752, stack(0x0000003d3ba00000,0x0000003d3bb00000)]
  0x0000015bfc2a1550 JavaThread "Attach Listener" daemon [_thread_blocked, id=56276, stack(0x0000003d3bb00000,0x0000003d3bc00000)]
  0x0000015bfc2a1e10 JavaThread "Service Thread" daemon [_thread_blocked, id=48204, stack(0x0000003d3bc00000,0x0000003d3bd00000)]
  0x0000015bfc2a46e0 JavaThread "Monitor Deflation Thread" daemon [_thread_blocked, id=47552, stack(0x0000003d3bd00000,0x0000003d3be00000)]
  0x0000015bfc2a4fa0 JavaThread "C1 CompilerThread0" daemon [_thread_blocked, id=32852, stack(0x0000003d3be00000,0x0000003d3bf00000)]
  0x0000015bfcc39910 JavaThread "Sweeper thread" daemon [_thread_blocked, id=39932, stack(0x0000003d3bf00000,0x0000003d3c000000)]
  0x0000015bfcc8b2d0 JavaThread "Common-Cleaner" daemon [_thread_blocked, id=50988, stack(0x0000003d3c000000,0x0000003d3c100000)]
  0x0000015bfcd956b0 JavaThread "C1 CompilerThread1" daemon [_thread_blocked, id=22908, stack(0x0000003d3c100000,0x0000003d3c200000)]
  0x0000015bfcdfea50 JavaThread "Notification Thread" daemon [_thread_blocked, id=40940, stack(0x0000003d3c200000,0x0000003d3c300000)]
  0x0000015bfd3a4730 JavaThread "RMI TCP Accept-0" daemon [_thread_in_native, id=49332, stack(0x0000003d3c300000,0x0000003d3c400000)]
  0x0000015bfd3914c0 JavaThread "RMI TCP Accept-62784" daemon [_thread_in_native, id=12912, stack(0x0000003d3c400000,0x0000003d3c500000)]
  0x0000015bfd436010 JavaThread "RMI TCP Accept-0" daemon [_thread_in_native, id=30552, stack(0x0000003d3c500000,0x0000003d3c600000)]
  0x0000015bfd4380b0 JavaThread "RMI TCP Connection(1)-127.0.0.1" daemon [_thread_in_native, id=12660, stack(0x0000003d3c700000,0x0000003d3c800000)]
  0x0000015bfd460630 JavaThread "RMI Scheduler(0)" daemon [_thread_blocked, id=29740, stack(0x0000003d3c800000,0x0000003d3c900000)]
  0x0000015bfd4a0750 JavaThread "RMI TCP Connection(2)-127.0.0.1" daemon [_thread_in_native, id=53656, stack(0x0000003d3c900000,0x0000003d3ca00000)]
  0x0000015bfd49dba0 JavaThread "JMX server connection timeout 22" daemon [_thread_blocked, id=44332, stack(0x0000003d3ca00000,0x0000003d3cb00000)]
  0x0000015bfd76a3f0 JavaThread "Thread-0" [_thread_blocked, id=52896, stack(0x0000003d3d400000,0x0000003d3d500000)]
=>0x0000015bfd76a8c0 JavaThread "restartedMain" [_thread_in_vm, id=34260, stack(0x0000003d3d500000,0x0000003d3d600000)]
  0x0000015bfe665840 JavaThread "C1 CompilerThread2" daemon [_thread_blocked, id=920, stack(0x0000003d3d700000,0x0000003d3d800000)]
  0x0000015bfd76c0d0 JavaThread "mysql-cj-abandoned-connection-cleanup" daemon [_thread_blocked, id=34304, stack(0x0000003d3d600000,0x0000003d3d700000)]
  0x0000015bfd769a50 JavaThread "HikariPool-1 housekeeper" daemon [_thread_blocked, id=43632, stack(0x0000003d3da00000,0x0000003d3db00000)]
  0x0000015bfd769f20 JavaThread "HikariPool-1 connection adder" daemon [_thread_blocked, id=9292, stack(0x0000003d3db00000,0x0000003d3dc00000)]

Other Threads:
  0x0000015bfc2c1bb0 VMThread "VM Thread" [stack: 0x0000003d3b700000,0x0000003d3b800000] [id=26772]
  0x0000015bfd39ffc0 WatcherThread [stack: 0x0000003d3c600000,0x0000003d3c700000] [id=21284]
  0x0000015bee6d9100 GCTaskThread "GC Thread#0" [stack: 0x0000003d3b200000,0x0000003d3b300000] [id=19992]
  0x0000015bfd752c90 GCTaskThread "GC Thread#1" [stack: 0x0000003d3cb00000,0x0000003d3cc00000] [id=54560]
  0x0000015bfd75d3c0 GCTaskThread "GC Thread#2" [stack: 0x0000003d3cc00000,0x0000003d3cd00000] [id=13664]
  0x0000015bfd7bed10 GCTaskThread "GC Thread#3" [stack: 0x0000003d3cd00000,0x0000003d3ce00000] [id=8108]
  0x0000015bfd7befc0 GCTaskThread "GC Thread#4" [stack: 0x0000003d3ce00000,0x0000003d3cf00000] [id=3572]
  0x0000015bfd7c7a90 GCTaskThread "GC Thread#5" [stack: 0x0000003d3cf00000,0x0000003d3d000000] [id=50464]
  0x0000015bfd7c8040 GCTaskThread "GC Thread#6" [stack: 0x0000003d3d000000,0x0000003d3d100000] [id=22872]
  0x0000015bfd7c9060 GCTaskThread "GC Thread#7" [stack: 0x0000003d3d100000,0x0000003d3d200000] [id=13256]
  0x0000015bee6e9810 ConcurrentGCThread "G1 Main Marker" [stack: 0x0000003d3b300000,0x0000003d3b400000] [id=56008]
  0x0000015bee6ea8d0 ConcurrentGCThread "G1 Conc#0" [stack: 0x0000003d3b400000,0x0000003d3b500000] [id=31512]
  0x0000015bfd7c7d90 ConcurrentGCThread "G1 Conc#1" [stack: 0x0000003d3d800000,0x0000003d3d900000] [id=28700]
  0x0000015bfc1024b0 ConcurrentGCThread "G1 Refine#0" [stack: 0x0000003d3b500000,0x0000003d3b600000] [id=16868]
  0x0000015bfd7cb9a0 ConcurrentGCThread "G1 Refine#1" [stack: 0x0000003d3d200000,0x0000003d3d300000] [id=40852]
  0x0000015bfcf26b20 ConcurrentGCThread "G1 Refine#2" [stack: 0x0000003d3d300000,0x0000003d3d400000] [id=26872]
  0x0000015bfc102de0 ConcurrentGCThread "G1 Service" [stack: 0x0000003d3b600000,0x0000003d3b700000] [id=20564]

Threads with active compile tasks:

VM state: not at safepoint (normal execution)

VM Mutex/Monitor currently owned by a thread:  ([mutex/lock_event])
[0x0000015bee668920] Metaspace_lock - owner thread: 0x0000015bfd76a8c0

Heap address: 0x0000000083a00000, size: 1990 MB, Compressed Oops mode: 32-bit

CDS archive(s) not mapped
Compressed class space mapped at: 0x0000000100000000-0x0000000140000000, reserved size: 1073741824
Narrow klass base: 0x0000000000000000, Narrow klass shift: 3, Narrow klass range: 0x140000000

GC Precious Log:
 CPUs: 8 total, 8 available
 Memory: 7959M
 Large Page Support: Disabled
 NUMA Support: Disabled
 Compressed Oops: Enabled (32-bit)
 Heap Region Size: 1M
 Heap Min Capacity: 8M
 Heap Initial Capacity: 126M
 Heap Max Capacity: 1990M
 Pre-touch: Disabled
 Parallel Workers: 8
 Concurrent Workers: 2
 Concurrent Refinement Workers: 8
 Periodic GC: Disabled

Heap:
 garbage-first heap   total 46080K, used 32855K [0x0000000083a00000, 0x0000000100000000)
  region size 1024K, 15 young (15360K), 3 survivors (3072K)
 Metaspace       used 51162K, committed 51584K, reserved 1097728K
  class space    used 6858K, committed 7104K, reserved 1048576K

Heap Regions: E=young(eden), S=young(survivor), O=old, HS=humongous(starts), HC=humongous(continues), CS=collection set, F=free, OA=open archive, CA=closed archive, TAMS=top-at-mark-start (previous, next)
|   0|0x0000000083a00000, 0x0000000083b00000, 0x0000000083b00000|100%|HS|  |TAMS 0x0000000083b00000, 0x0000000083a00000| Complete 
|   1|0x0000000083b00000, 0x0000000083c00000, 0x0000000083c00000|100%| O|  |TAMS 0x0000000083c00000, 0x0000000083b00000| Untracked 
|   2|0x0000000083c00000, 0x0000000083d00000, 0x0000000083d00000|100%| O|  |TAMS 0x0000000083d00000, 0x0000000083c00000| Untracked 
|   3|0x0000000083d00000, 0x0000000083e00000, 0x0000000083e00000|100%| O|  |TAMS 0x0000000083e00000, 0x0000000083d00000| Untracked 
|   4|0x0000000083e00000, 0x0000000083f00000, 0x0000000083f00000|100%| O|  |TAMS 0x0000000083f00000, 0x0000000083e00000| Untracked 
|   5|0x0000000083f00000, 0x0000000084000000, 0x0000000084000000|100%| O|  |TAMS 0x0000000084000000, 0x0000000083f00000| Untracked 
|   6|0x0000000084000000, 0x0000000084100000, 0x0000000084100000|100%| O|  |TAMS 0x0000000084100000, 0x0000000084000000| Untracked 
|   7|0x0000000084100000, 0x00000000841c0e00, 0x0000000084200000| 75%| O|  |TAMS 0x00000000841c0e00, 0x0000000084100000| Untracked 
|   8|0x0000000084200000, 0x0000000084300000, 0x0000000084300000|100%| O|  |TAMS 0x0000000084300000, 0x0000000084200000| Untracked 
|   9|0x0000000084300000, 0x0000000084400000, 0x0000000084400000|100%| O|  |TAMS 0x0000000084400000, 0x0000000084300000| Untracked 
|  10|0x0000000084400000, 0x0000000084500000, 0x0000000084500000|100%| O|  |TAMS 0x0000000084500000, 0x0000000084400000| Untracked 
|  11|0x0000000084500000, 0x0000000084600000, 0x0000000084600000|100%| O|  |TAMS 0x0000000084600000, 0x0000000084500000| Untracked 
|  12|0x0000000084600000, 0x0000000084700000, 0x0000000084700000|100%| O|  |TAMS 0x0000000084700000, 0x0000000084600000| Untracked 
|  13|0x0000000084700000, 0x0000000084800000, 0x0000000084800000|100%| O|  |TAMS 0x00000000847b4a00, 0x0000000084700000| Untracked 
|  14|0x0000000084800000, 0x0000000084900000, 0x0000000084900000|100%| O|  |TAMS 0x0000000084800000, 0x0000000084800000| Untracked 
|  15|0x0000000084900000, 0x0000000084a00000, 0x0000000084a00000|100%| O|  |TAMS 0x0000000084900000, 0x0000000084900000| Untracked 
|  16|0x0000000084a00000, 0x0000000084b00000, 0x0000000084b00000|100%| O|  |TAMS 0x0000000084a00000, 0x0000000084a00000| Untracked 
|  17|0x0000000084b00000, 0x0000000084c00000, 0x0000000084c00000|100%| O|  |TAMS 0x0000000084b00000, 0x0000000084b00000| Untracked 
|  18|0x0000000084c00000, 0x0000000084cde800, 0x0000000084d00000| 86%| O|  |TAMS 0x0000000084c00000, 0x0000000084c00000| Untracked 
|  19|0x0000000084d00000, 0x0000000084d00000, 0x0000000084e00000|  0%| F|  |TAMS 0x0000000084d00000, 0x0000000084d00000| Untracked 
|  20|0x0000000084e00000, 0x0000000084e00000, 0x0000000084f00000|  0%| F|  |TAMS 0x0000000084e00000, 0x0000000084e00000| Untracked 
|  21|0x0000000084f00000, 0x0000000084f00000, 0x0000000085000000|  0%| F|  |TAMS 0x0000000084f00000, 0x0000000084f00000| Untracked 
|  22|0x0000000085000000, 0x0000000085000000, 0x0000000085100000|  0%| F|  |TAMS 0x0000000085000000, 0x0000000085000000| Untracked 
|  23|0x0000000085100000, 0x0000000085100000, 0x0000000085200000|  0%| F|  |TAMS 0x0000000085100000, 0x0000000085100000| Untracked 
|  24|0x0000000085200000, 0x00000000852767f0, 0x0000000085300000| 46%| S|CS|TAMS 0x0000000085200000, 0x0000000085200000| Complete 
|  25|0x0000000085300000, 0x0000000085400000, 0x0000000085400000|100%| S|CS|TAMS 0x0000000085300000, 0x0000000085300000| Complete 
|  26|0x0000000085400000, 0x0000000085400000, 0x0000000085500000|  0%| F|  |TAMS 0x0000000085400000, 0x0000000085400000| Untracked 
|  27|0x0000000085500000, 0x0000000085500000, 0x0000000085600000|  0%| F|  |TAMS 0x0000000085500000, 0x0000000085500000| Untracked 
|  28|0x0000000085600000, 0x0000000085700000, 0x0000000085700000|100%| S|CS|TAMS 0x0000000085600000, 0x0000000085600000| Complete 
|  29|0x0000000085700000, 0x0000000085700000, 0x0000000085800000|  0%| F|  |TAMS 0x0000000085700000, 0x0000000085700000| Untracked 
|  30|0x0000000085800000, 0x0000000085800000, 0x0000000085900000|  0%| F|  |TAMS 0x0000000085800000, 0x0000000085800000| Untracked 
|  31|0x0000000085900000, 0x0000000085900000, 0x0000000085a00000|  0%| F|  |TAMS 0x0000000085900000, 0x0000000085900000| Untracked 
|  32|0x0000000085a00000, 0x0000000085a00000, 0x0000000085b00000|  0%| F|  |TAMS 0x0000000085a00000, 0x0000000085a00000| Untracked 
|  33|0x0000000085b00000, 0x0000000085b452a8, 0x0000000085c00000| 27%| E|  |TAMS 0x0000000085b00000, 0x0000000085b00000| Complete 
|  34|0x0000000085c00000, 0x0000000085d00000, 0x0000000085d00000|100%| E|CS|TAMS 0x0000000085c00000, 0x0000000085c00000| Complete 
|  35|0x0000000085d00000, 0x0000000085e00000, 0x0000000085e00000|100%| E|CS|TAMS 0x0000000085d00000, 0x0000000085d00000| Complete 
|  36|0x0000000085e00000, 0x0000000085f00000, 0x0000000085f00000|100%| E|CS|TAMS 0x0000000085e00000, 0x0000000085e00000| Complete 
|  37|0x0000000085f00000, 0x0000000086000000, 0x0000000086000000|100%| E|CS|TAMS 0x0000000085f00000, 0x0000000085f00000| Complete 
|  38|0x0000000086000000, 0x0000000086100000, 0x0000000086100000|100%| E|CS|TAMS 0x0000000086000000, 0x0000000086000000| Complete 
|  39|0x0000000086100000, 0x0000000086200000, 0x0000000086200000|100%| E|CS|TAMS 0x0000000086100000, 0x0000000086100000| Complete 
|  40|0x0000000086200000, 0x0000000086300000, 0x0000000086300000|100%| E|CS|TAMS 0x0000000086200000, 0x0000000086200000| Complete 
|  41|0x0000000086300000, 0x0000000086400000, 0x0000000086400000|100%| E|CS|TAMS 0x0000000086300000, 0x0000000086300000| Complete 
| 117|0x000000008af00000, 0x000000008b000000, 0x000000008b000000|100%| E|CS|TAMS 0x000000008af00000, 0x000000008af00000| Complete 
| 118|0x000000008b000000, 0x000000008b100000, 0x000000008b100000|100%| E|CS|TAMS 0x000000008b000000, 0x000000008b000000| Complete 
| 125|0x000000008b700000, 0x000000008b800000, 0x000000008b800000|100%| E|CS|TAMS 0x000000008b700000, 0x000000008b700000| Complete 

Card table byte_map: [0x0000015bf5230000,0x0000015bf5620000] _byte_map_base: 0x0000015bf4e13000

Marking Bits (Prev, Next): (CMBitMap*) 0x0000015bee6d9620, (CMBitMap*) 0x0000015bee6d9660
 Prev Bits: [0x0000015bf5a10000, 0x0000015bf7928000)
 Next Bits: [0x0000015bf7930000, 0x0000015bf9848000)

Polling page: 0x0000015bec5e0000

Metaspace:

Usage:
  Non-class:     43.27 MB used.
      Class:      6.70 MB used.
       Both:     49.96 MB used.

Virtual space:
  Non-class space:       48.00 MB reserved,      43.44 MB ( 90%) committed,  6 nodes.
      Class space:        1.00 GB reserved,       6.94 MB ( <1%) committed,  1 nodes.
             Both:        1.05 GB reserved,      50.38 MB (  5%) committed. 

Chunk freelists:
   Non-Class:  3.70 MB
       Class:  1.11 MB
        Both:  4.81 MB

MaxMetaspaceSize: unlimited
CompressedClassSpaceSize: 1.00 GB
Initial GC threshold: 21.00 MB
Current GC threshold: 59.06 MB
CDS: off
MetaspaceReclaimPolicy: balanced
 - commit_granule_bytes: 65536.
 - commit_granule_words: 8192.
 - virtual_space_node_default_size: 1048576.
 - enlarge_chunks_in_place: 1.
 - new_chunks_are_fully_committed: 0.
 - uncommit_free_chunks: 1.
 - use_allocation_guard: 0.
 - handle_deallocations: 1.


Internal statistics:

num_allocs_failed_limit: 6.
num_arena_births: 442.
num_arena_deaths: 0.
num_vsnodes_births: 7.
num_vsnodes_deaths: 0.
num_space_committed: 806.
num_space_uncommitted: 0.
num_chunks_returned_to_freelist: 6.
num_chunks_taken_from_freelist: 1972.
num_chunk_merges: 6.
num_chunk_splits: 1378.
num_chunks_enlarged: 1053.
num_purges: 0.
num_inconsistent_stats: 0.

CodeCache: size=49152Kb used=8894Kb max_used=8894Kb free=40257Kb
 bounds [0x0000015bf1d30000, 0x0000015bf25e0000, 0x0000015bf4d30000]
 total_blobs=4728 nmethods=4153 adapters=500
 compilation: enabled
              stopped_count=0, restarted_count=0
 full_count=0

Compilation events (20 events):
Event: 7.418 Thread 0x0000015bfc2a4fa0 4144       1       org.hibernate.annotations.common.reflection.java.JavaReflectionManager$1::caseClass (19 bytes)
Event: 7.418 Thread 0x0000015bfe665840 4143       1       org.hibernate.annotations.common.reflection.java.JavaReflectionManager$1::caseClass (6 bytes)
Event: 7.418 Thread 0x0000015bfcd956b0 4145       1       org.hibernate.cfg.Ejb3Column::getMappingColumn (5 bytes)
Event: 7.419 Thread 0x0000015bfcd956b0 nmethod 4145 0x0000015bf25db810 code [0x0000015bf25db9a0, 0x0000015bf25dba78]
Event: 7.419 Thread 0x0000015bfc2a4fa0 nmethod 4144 0x0000015bf25dbb10 code [0x0000015bf25dbd20, 0x0000015bf25dc168]
Event: 7.419 Thread 0x0000015bfe665840 nmethod 4143 0x0000015bf25dc490 code [0x0000015bf25dc6a0, 0x0000015bf25dcae8]
Event: 7.426 Thread 0x0000015bfe665840 4146       1       org.hibernate.boot.model.naming.Identifier::isQuoted (60 bytes)
Event: 7.426 Thread 0x0000015bfcd956b0 4147       1       org.hibernate.boot.internal.InFlightMetadataCollectorImpl::getDatabase (27 bytes)
Event: 7.426 Thread 0x0000015bfe665840 nmethod 4146 0x0000015bf25dd410 code [0x0000015bf25dd600, 0x0000015bf25dd898]
Event: 7.426 Thread 0x0000015bfcd956b0 nmethod 4147 0x0000015bf25dda90 code [0x0000015bf25ddc40, 0x0000015bf25ddef8]
Event: 7.430 Thread 0x0000015bfe665840 4149       1       java.util.ImmutableCollections$ListItr::<init> (25 bytes)
Event: 7.430 Thread 0x0000015bfc2a4fa0 4148       1       java.util.ImmutableCollections$AbstractImmutableList::iterator (13 bytes)
Event: 7.431 Thread 0x0000015bfe665840 nmethod 4149 0x0000015bf25de090 code [0x0000015bf25de220, 0x0000015bf25de338]
Event: 7.431 Thread 0x0000015bfc2a4fa0 nmethod 4148 0x0000015bf25de390 code [0x0000015bf25de540, 0x0000015bf25de708]
Event: 7.498 Thread 0x0000015bfc2a4fa0 4150       1       java.io.ObjectInputStream$PeekInputStream::readFully (48 bytes)
Event: 7.498 Thread 0x0000015bfcd956b0 4151       1       java.io.ObjectInputStream$BlockDataInputStream::getBlockDataMode (5 bytes)
Event: 7.499 Thread 0x0000015bfc2a4fa0 nmethod 4150 0x0000015bf25dea90 code [0x0000015bf25dec40, 0x0000015bf25dee38]
Event: 7.499 Thread 0x0000015bfcd956b0 nmethod 4151 0x0000015bf25def90 code [0x0000015bf25df120, 0x0000015bf25df1f8]
Event: 7.509 Thread 0x0000015bfcd956b0 4153       1       java.util.Spliterators$EmptySpliterator::characteristics (4 bytes)
Event: 7.510 Thread 0x0000015bfcd956b0 nmethod 4153 0x0000015bf25df590 code [0x0000015bf25df720, 0x0000015bf25df7f8]

GC Heap History (20 events):
Event: 3.219 GC heap before
{Heap before GC invocations=5 (full 0):
 garbage-first heap   total 37888K, used 26285K [0x0000000083a00000, 0x0000000100000000)
  region size 1024K, 19 young (19456K), 3 survivors (3072K)
 Metaspace       used 27884K, committed 28160K, reserved 1081344K
  class space    used 3374K, committed 3520K, reserved 1048576K
}
Event: 3.223 GC heap after
{Heap after GC invocations=6 (full 0):
 garbage-first heap   total 37888K, used 11806K [0x0000000083a00000, 0x0000000100000000)
  region size 1024K, 3 young (3072K), 3 survivors (3072K)
 Metaspace       used 27884K, committed 28160K, reserved 1081344K
  class space    used 3374K, committed 3520K, reserved 1048576K
}
Event: 3.406 GC heap before
{Heap before GC invocations=6 (full 0):
 garbage-first heap   total 37888K, used 27166K [0x0000000083a00000, 0x0000000100000000)
  region size 1024K, 18 young (18432K), 3 survivors (3072K)
 Metaspace       used 29907K, committed 30208K, reserved 1081344K
  class space    used 3690K, committed 3840K, reserved 1048576K
}
Event: 3.409 GC heap after
{Heap after GC invocations=7 (full 0):
 garbage-first heap   total 37888K, used 12823K [0x0000000083a00000, 0x0000000100000000)
  region size 1024K, 2 young (2048K), 2 survivors (2048K)
 Metaspace       used 29907K, committed 30208K, reserved 1081344K
  class space    used 3690K, committed 3840K, reserved 1048576K
}
Event: 4.047 GC heap before
{Heap before GC invocations=7 (full 0):
 garbage-first heap   total 37888K, used 29207K [0x0000000083a00000, 0x0000000100000000)
  region size 1024K, 18 young (18432K), 2 survivors (2048K)
 Metaspace       used 31219K, committed 31552K, reserved 1081344K
  class space    used 3889K, committed 4032K, reserved 1048576K
}
Event: 4.049 GC heap after
{Heap after GC invocations=8 (full 0):
 garbage-first heap   total 37888K, used 13743K [0x0000000083a00000, 0x0000000100000000)
  region size 1024K, 2 young (2048K), 2 survivors (2048K)
 Metaspace       used 31219K, committed 31552K, reserved 1081344K
  class space    used 3889K, committed 4032K, reserved 1048576K
}
Event: 4.401 GC heap before
{Heap before GC invocations=8 (full 0):
 garbage-first heap   total 37888K, used 29103K [0x0000000083a00000, 0x0000000100000000)
  region size 1024K, 17 young (17408K), 2 survivors (2048K)
 Metaspace       used 32959K, committed 33280K, reserved 1081344K
  class space    used 4158K, committed 4352K, reserved 1048576K
}
Event: 4.405 GC heap after
{Heap after GC invocations=9 (full 0):
 garbage-first heap   total 37888K, used 14741K [0x0000000083a00000, 0x0000000100000000)
  region size 1024K, 3 young (3072K), 3 survivors (3072K)
 Metaspace       used 32959K, committed 33280K, reserved 1081344K
  class space    used 4158K, committed 4352K, reserved 1048576K
}
Event: 4.714 GC heap before
{Heap before GC invocations=9 (full 0):
 garbage-first heap   total 37888K, used 28053K [0x0000000083a00000, 0x0000000100000000)
  region size 1024K, 16 young (16384K), 3 survivors (3072K)
 Metaspace       used 34986K, committed 35392K, reserved 1081344K
  class space    used 4471K, committed 4672K, reserved 1048576K
}
Event: 4.718 GC heap after
{Heap after GC invocations=10 (full 0):
 garbage-first heap   total 37888K, used 15830K [0x0000000083a00000, 0x0000000100000000)
  region size 1024K, 2 young (2048K), 2 survivors (2048K)
 Metaspace       used 34986K, committed 35392K, reserved 1081344K
  class space    used 4471K, committed 4672K, reserved 1048576K
}
Event: 4.871 GC heap before
{Heap before GC invocations=10 (full 0):
 garbage-first heap   total 37888K, used 19926K [0x0000000083a00000, 0x0000000100000000)
  region size 1024K, 7 young (7168K), 2 survivors (2048K)
 Metaspace       used 35724K, committed 36096K, reserved 1081344K
  class space    used 4586K, committed 4800K, reserved 1048576K
}
Event: 4.875 GC heap after
{Heap after GC invocations=11 (full 0):
 garbage-first heap   total 46080K, used 16658K [0x0000000083a00000, 0x0000000100000000)
  region size 1024K, 1 young (1024K), 1 survivors (1024K)
 Metaspace       used 35724K, committed 36096K, reserved 1081344K
  class space    used 4586K, committed 4800K, reserved 1048576K
}
Event: 5.299 GC heap before
{Heap before GC invocations=12 (full 0):
 garbage-first heap   total 46080K, used 35090K [0x0000000083a00000, 0x0000000100000000)
  region size 1024K, 19 young (19456K), 1 survivors (1024K)
 Metaspace       used 38225K, committed 38656K, reserved 1089536K
  class space    used 4953K, committed 5184K, reserved 1048576K
}
Event: 5.302 GC heap after
{Heap after GC invocations=13 (full 0):
 garbage-first heap   total 46080K, used 18217K [0x0000000083a00000, 0x0000000100000000)
  region size 1024K, 3 young (3072K), 3 survivors (3072K)
 Metaspace       used 38225K, committed 38656K, reserved 1089536K
  class space    used 4953K, committed 5184K, reserved 1048576K
}
Event: 5.926 GC heap before
{Heap before GC invocations=13 (full 0):
 garbage-first heap   total 46080K, used 33577K [0x0000000083a00000, 0x0000000100000000)
  region size 1024K, 19 young (19456K), 3 survivors (3072K)
 Metaspace       used 39469K, committed 39936K, reserved 1089536K
  class space    used 5135K, committed 5376K, reserved 1048576K
}
Event: 5.933 GC heap after
{Heap after GC invocations=14 (full 0):
 garbage-first heap   total 46080K, used 19189K [0x0000000083a00000, 0x0000000100000000)
  region size 1024K, 1 young (1024K), 1 survivors (1024K)
 Metaspace       used 39469K, committed 39936K, reserved 1089536K
  class space    used 5135K, committed 5376K, reserved 1048576K
}
Event: 6.531 GC heap before
{Heap before GC invocations=14 (full 0):
 garbage-first heap   total 46080K, used 35573K [0x0000000083a00000, 0x0000000100000000)
  region size 1024K, 17 young (17408K), 1 survivors (1024K)
 Metaspace       used 43748K, committed 44160K, reserved 1089536K
  class space    used 5845K, committed 6080K, reserved 1048576K
}
Event: 6.534 GC heap after
{Heap after GC invocations=15 (full 0):
 garbage-first heap   total 46080K, used 19908K [0x0000000083a00000, 0x0000000100000000)
  region size 1024K, 2 young (2048K), 2 survivors (2048K)
 Metaspace       used 43748K, committed 44160K, reserved 1089536K
  class space    used 5845K, committed 6080K, reserved 1048576K
}
Event: 7.150 GC heap before
{Heap before GC invocations=15 (full 0):
 garbage-first heap   total 46080K, used 35268K [0x0000000083a00000, 0x0000000100000000)
  region size 1024K, 18 young (18432K), 2 survivors (2048K)
 Metaspace       used 48451K, committed 48832K, reserved 1097728K
  class space    used 6495K, committed 6656K, reserved 1048576K
}
Event: 7.154 GC heap after
{Heap after GC invocations=16 (full 0):
 garbage-first heap   total 46080K, used 21591K [0x0000000083a00000, 0x0000000100000000)
  region size 1024K, 3 young (3072K), 3 survivors (3072K)
 Metaspace       used 48451K, committed 48832K, reserved 1097728K
  class space    used 6495K, committed 6656K, reserved 1048576K
}

Deoptimization events (12 events):
Event: 1.317 Thread 0x0000015bee67cbf0 DEOPT PACKING pc=0x0000015bf1f67375 sp=0x0000003d3b1fd7f0
Event: 1.317 Thread 0x0000015bee67cbf0 DEOPT UNPACKING pc=0x0000015bf1d86763 sp=0x0000003d3b1fcc48 mode 3
Event: 2.642 Thread 0x0000015bfd769a50 DEOPT PACKING pc=0x0000015bf223cd85 sp=0x0000003d3d6fbf70
Event: 2.642 Thread 0x0000015bfd769a50 DEOPT UNPACKING pc=0x0000015bf1d86763 sp=0x0000003d3d6fb4d0 mode 3
Event: 2.746 Thread 0x0000015bfd76a8c0 DEOPT PACKING pc=0x0000015bf225fd99 sp=0x0000003d3d5fcbd0
Event: 2.746 Thread 0x0000015bfd76a8c0 DEOPT UNPACKING pc=0x0000015bf1d86763 sp=0x0000003d3d5fc0b0 mode 3
Event: 3.047 Thread 0x0000015bfd76a8c0 DEOPT PACKING pc=0x0000015bf2244c7d sp=0x0000003d3d5fd700
Event: 3.047 Thread 0x0000015bfd76a8c0 DEOPT UNPACKING pc=0x0000015bf1d86763 sp=0x0000003d3d5fcc68 mode 3
Event: 4.215 Thread 0x0000015bfd76a8c0 DEOPT PACKING pc=0x0000015bf229fd94 sp=0x0000003d3d5fd090
Event: 4.215 Thread 0x0000015bfd76a8c0 DEOPT UNPACKING pc=0x0000015bf1d86763 sp=0x0000003d3d5fc5e8 mode 0
Event: 4.517 Thread 0x0000015bfd76a8c0 DEOPT PACKING pc=0x0000015bf2485c75 sp=0x0000003d3d5fd850
Event: 4.517 Thread 0x0000015bfd76a8c0 DEOPT UNPACKING pc=0x0000015bf1d86763 sp=0x0000003d3d5fccc0 mode 3

Classes unloaded (0 events):
No events

Classes redefined (0 events):
No events

Internal exceptions (20 events):
Event: 5.597 Thread 0x0000015bfd76a8c0 Exception <a 'java/lang/ClassNotFoundException'{0x0000000085fbf9b0}: org/springframework/security/config/annotation/web/WebSecurityConfigurerCustomizer> (0x0000000085fbf9b0) 
thrown [e:\jenkins\tmp\workspace\build\src\src\hotspot\share\classfile\systemDictionary.cpp, line 256]
Event: 5.598 Thread 0x0000015bfd76a8c0 Exception <a 'java/lang/ClassNotFoundException'{0x0000000085fc85e8}: org/springframework/security/config/annotation/SecurityConfigurerCustomizer> (0x0000000085fc85e8) 
thrown [e:\jenkins\tmp\workspace\build\src\src\hotspot\share\classfile\systemDictionary.cpp, line 256]
Event: 5.638 Thread 0x0000015bfd76a8c0 Exception <a 'java/lang/ClassNotFoundException'{0x0000000085e29820}: java/lang/ObjectCustomizer> (0x0000000085e29820) 
thrown [e:\jenkins\tmp\workspace\build\src\src\hotspot\share\classfile\systemDictionary.cpp, line 256]
Event: 5.641 Thread 0x0000015bfd76a8c0 Exception <a 'java/lang/ClassNotFoundException'{0x0000000085e37088}: org/springframework/security/config/annotation/authentication/configuration/AuthenticationConfigurationCustomizer> (0x0000000085e37088) 
thrown [e:\jenkins\tmp\workspace\build\src\src\hotspot\share\classfile\systemDictionary.cpp, line 256]
Event: 5.674 Thread 0x0000015bfd76a8c0 Exception <a 'java/lang/ClassNotFoundException'{0x0000000085d99d98}: java/lang/ObjectCustomizer> (0x0000000085d99d98) 
thrown [e:\jenkins\tmp\workspace\build\src\src\hotspot\share\classfile\systemDictionary.cpp, line 256]
Event: 5.675 Thread 0x0000015bfd76a8c0 Exception <a 'java/lang/ClassNotFoundException'{0x0000000085da6980}: org/springframework/web/servlet/config/annotation/WebMvcConfigurationSupportCustomizer> (0x0000000085da6980) 
thrown [e:\jenkins\tmp\workspace\build\src\src\hotspot\share\classfile\systemDictionary.cpp, line 256]
Event: 5.678 Thread 0x0000015bfd76a8c0 Exception <a 'java/lang/ClassNotFoundException'{0x0000000085dbfb30}: org/springframework/web/servlet/config/annotation/DelegatingWebMvcConfigurationCustomizer> (0x0000000085dbfb30) 
thrown [e:\jenkins\tmp\workspace\build\src\src\hotspot\share\classfile\systemDictionary.cpp, line 256]
Event: 5.680 Thread 0x0000015bfd76a8c0 Exception <a 'java/lang/ClassNotFoundException'{0x0000000085dce158}: org/springframework/boot/autoconfigure/web/servlet/WebMvcAutoConfiguration$EnableWebMvcConfigurationCustomizer> (0x0000000085dce158) 
thrown [e:\jenkins\tmp\workspace\build\src\src\hotspot\share\classfile\systemDictionary.cpp, line 256]
Event: 5.696 Thread 0x0000015bfd76a8c0 Exception <a 'java/lang/ClassNotFoundException'{0x0000000085de4f70}: org/springframework/context/ResourceLoaderAwareCustomizer> (0x0000000085de4f70) 
thrown [e:\jenkins\tmp\workspace\build\src\src\hotspot\share\classfile\systemDictionary.cpp, line 256]
Event: 5.698 Thread 0x0000015bfd76a8c0 Exception <a 'java/lang/ClassNotFoundException'{0x0000000085dee710}: org/springframework/beans/factory/AwareCustomizer> (0x0000000085dee710) 
thrown [e:\jenkins\tmp\workspace\build\src\src\hotspot\share\classfile\systemDictionary.cpp, line 256]
Event: 5.700 Thread 0x0000015bfd76a8c0 Exception <a 'java/lang/ClassNotFoundException'{0x0000000085df7490}: org/springframework/context/ApplicationContextAwareCustomizer> (0x0000000085df7490) 
thrown [e:\jenkins\tmp\workspace\build\src\src\hotspot\share\classfile\systemDictionary.cpp, line 256]
Event: 5.701 Thread 0x0000015bfd76a8c0 Exception <a 'java/lang/ClassNotFoundException'{0x0000000085c01770}: org/springframework/beans/factory/AwareCustomizer> (0x0000000085c01770) 
thrown [e:\jenkins\tmp\workspace\build\src\src\hotspot\share\classfile\systemDictionary.cpp, line 256]
Event: 5.702 Thread 0x0000015bfd76a8c0 Exception <a 'java/lang/ClassNotFoundException'{0x0000000085c0a4c8}: org/springframework/web/context/ServletContextAwareCustomizer> (0x0000000085c0a4c8) 
thrown [e:\jenkins\tmp\workspace\build\src\src\hotspot\share\classfile\systemDictionary.cpp, line 256]
Event: 5.704 Thread 0x0000015bfd76a8c0 Exception <a 'java/lang/ClassNotFoundException'{0x0000000085c140a0}: org/springframework/beans/factory/AwareCustomizer> (0x0000000085c140a0) 
thrown [e:\jenkins\tmp\workspace\build\src\src\hotspot\share\classfile\systemDictionary.cpp, line 256]
Event: 5.938 Thread 0x0000015bfd4a0750 Exception <a 'java/lang/reflect/InvocationTargetException'{0x000000008b74e358}> (0x000000008b74e358) 
thrown [e:\jenkins\tmp\workspace\build\src\src\hotspot\share\runtime\reflection.cpp, line 1121]
Event: 6.443 Thread 0x0000015bfd4a0750 Exception <a 'java/lang/reflect/InvocationTargetException'{0x000000008b755868}> (0x000000008b755868) 
thrown [e:\jenkins\tmp\workspace\build\src\src\hotspot\share\runtime\reflection.cpp, line 1121]
Event: 6.946 Thread 0x0000015bfd4a0750 Exception <a 'java/lang/reflect/InvocationTargetException'{0x0000000085cf0730}> (0x0000000085cf0730) 
thrown [e:\jenkins\tmp\workspace\build\src\src\hotspot\share\runtime\reflection.cpp, line 1121]
Event: 7.103 Thread 0x0000015bfd76a8c0 Exception <a 'java/lang/NoSuchMethodError'{0x0000000085837b38}: 'java.lang.Object java.lang.invoke.DirectMethodHandle$Holder.invokeStaticInit(java.lang.Object, java.lang.Object, java.lang.Object, java.lang.Object)'> (0x0000000085837b38) 
thrown [e:\jenkins\tmp\workspace\build\src\src\hotspot\share\interpreter\linkResolver.cpp, line 766]
Event: 7.499 Thread 0x0000015bfd4a0750 Exception <a 'java/lang/reflect/InvocationTargetException'{0x0000000085c4deb0}> (0x0000000085c4deb0) 
thrown [e:\jenkins\tmp\workspace\build\src\src\hotspot\share\runtime\reflection.cpp, line 1121]
Event: 7.499 Thread 0x0000015bfd76a8c0 Exception <a 'java/lang/NoSuchMethodError'{0x0000000085c08c98}: 'java.lang.Object java.lang.invoke.DirectMethodHandle$Holder.newInvokeSpecial(java.lang.Object, java.lang.Object, int, java.lang.Object, java.lang.Object)'> (0x0000000085c08c98) 
thrown [e:\jenkins\tmp\workspace\build\src\src\hotspot\share\interpreter\linkResolver.cpp, line 766]

VM Operations (20 events):
Event: 4.888 Executing VM operation: G1Concurrent
Event: 4.894 Executing VM operation: G1Concurrent done
Event: 4.902 Executing VM operation: G1Concurrent
Event: 4.903 Executing VM operation: G1Concurrent done
Event: 4.935 Executing VM operation: HandshakeAllThreads
Event: 4.935 Executing VM operation: HandshakeAllThreads done
Event: 5.242 Executing VM operation: HandshakeAllThreads
Event: 5.242 Executing VM operation: HandshakeAllThreads done
Event: 5.299 Executing VM operation: G1CollectForAllocation
Event: 5.302 Executing VM operation: G1CollectForAllocation done
Event: 5.362 Executing VM operation: HandshakeAllThreads
Event: 5.362 Executing VM operation: HandshakeAllThreads done
Event: 5.807 Executing VM operation: HandshakeAllThreads
Event: 5.807 Executing VM operation: HandshakeAllThreads done
Event: 5.926 Executing VM operation: G1CollectForAllocation
Event: 5.933 Executing VM operation: G1CollectForAllocation done
Event: 6.531 Executing VM operation: G1CollectForAllocation
Event: 6.534 Executing VM operation: G1CollectForAllocation done
Event: 7.150 Executing VM operation: G1CollectForAllocation
Event: 7.154 Executing VM operation: G1CollectForAllocation done

Events (20 events):
Event: 7.422 loading class sun/security/provider/MD5 done
Event: 7.422 loading class sun/security/provider/ByteArrayAccess$LE
Event: 7.422 loading class sun/security/provider/ByteArrayAccess$LE done
Event: 7.422 loading class java/lang/StrictMath
Event: 7.423 loading class java/lang/StrictMath done
Event: 7.423 loading class java/math/MutableBigInteger
Event: 7.425 loading class java/math/MutableBigInteger done
Event: 7.485 loading class java/io/InvalidObjectException
Event: 7.485 loading class java/io/InvalidObjectException done
Event: 7.492 loading class javax/naming/RefAddr
Event: 7.492 loading class javax/naming/RefAddr done
Event: 7.492 loading class javax/naming/StringRefAddr
Event: 7.493 loading class javax/naming/StringRefAddr done
Event: 7.530 loading class java/util/concurrent/CompletionStage
Event: 7.530 loading class java/util/concurrent/CompletionStage done
Event: 7.531 loading class java/util/concurrent/CompletableFuture
Event: 7.533 loading class java/util/concurrent/CompletableFuture done
Event: 7.533 loading class java/util/concurrent/CompletableFuture$AltResult
Event: 7.533 loading class java/util/concurrent/CompletableFuture$AltResult done
Event: 7.533 loading class java/util/concurrent/ForkJoinPool


Dynamic libraries:
0x00007ff719120000 - 0x00007ff71912e000 	C:\Users\VIVEK SHAHAPURE\eclipse\plugins\org.eclipse.justj.openjdk.hotspot.jre.full.win32.x86_64_17.0.3.v20220515-1416\jre\bin\javaw.exe
0x00007ffda1a90000 - 0x00007ffda1c88000 	C:\WINDOWS\SYSTEM32\ntdll.dll
0x00007ffda0890000 - 0x00007ffda094d000 	C:\WINDOWS\System32\KERNEL32.DLL
0x00007ffd9f1e0000 - 0x00007ffd9f4ae000 	C:\WINDOWS\System32\KERNELBASE.dll
0x00007ffd9f8b0000 - 0x00007ffd9f9b0000 	C:\WINDOWS\System32\ucrtbase.dll
0x00007ffd6a640000 - 0x00007ffd6a658000 	C:\Users\VIVEK SHAHAPURE\eclipse\plugins\org.eclipse.justj.openjdk.hotspot.jre.full.win32.x86_64_17.0.3.v20220515-1416\jre\bin\jli.dll
0x00007ffd594a0000 - 0x00007ffd594b9000 	C:\Users\VIVEK SHAHAPURE\eclipse\plugins\org.eclipse.justj.openjdk.hotspot.jre.full.win32.x86_64_17.0.3.v20220515-1416\jre\bin\VCRUNTIME140.dll
0x00007ffda1020000 - 0x00007ffda11c0000 	C:\WINDOWS\System32\USER32.dll
0x00007ffd82170000 - 0x00007ffd8240a000 	C:\WINDOWS\WinSxS\amd64_microsoft.windows.common-controls_6595b64144ccf1df_6.0.19041.1110_none_60b5254171f9507e\COMCTL32.dll
0x00007ffd9fac0000 - 0x00007ffd9fae2000 	C:\WINDOWS\System32\win32u.dll
0x00007ffda0ea0000 - 0x00007ffda0f3e000 	C:\WINDOWS\System32\msvcrt.dll
0x00007ffda0e70000 - 0x00007ffda0e9a000 	C:\WINDOWS\System32\GDI32.dll
0x00007ffd9f9b0000 - 0x00007ffd9fabb000 	C:\WINDOWS\System32\gdi32full.dll
0x00007ffd9f810000 - 0x00007ffd9f8ad000 	C:\WINDOWS\System32\msvcp_win.dll
0x00007ffda1a20000 - 0x00007ffda1a50000 	C:\WINDOWS\System32\IMM32.DLL
0x00007ffd93fe0000 - 0x00007ffd93fec000 	C:\Users\VIVEK SHAHAPURE\eclipse\plugins\org.eclipse.justj.openjdk.hotspot.jre.full.win32.x86_64_17.0.3.v20220515-1416\jre\bin\vcruntime140_1.dll
0x00007ffd46ff0000 - 0x00007ffd47081000 	C:\Users\VIVEK SHAHAPURE\eclipse\plugins\org.eclipse.justj.openjdk.hotspot.jre.full.win32.x86_64_17.0.3.v20220515-1416\jre\bin\msvcp140.dll
0x00007ffcc5bc0000 - 0x00007ffcc6808000 	C:\Users\VIVEK SHAHAPURE\eclipse\plugins\org.eclipse.justj.openjdk.hotspot.jre.full.win32.x86_64_17.0.3.v20220515-1416\jre\bin\server\jvm.dll
0x00007ffda02e0000 - 0x00007ffda038e000 	C:\WINDOWS\System32\ADVAPI32.dll
0x00007ffda1980000 - 0x00007ffda1a1c000 	C:\WINDOWS\System32\sechost.dll
0x00007ffda0950000 - 0x00007ffda0a75000 	C:\WINDOWS\System32\RPCRT4.dll
0x00007ffda0250000 - 0x00007ffda0258000 	C:\WINDOWS\System32\PSAPI.DLL
0x00007ffd995f0000 - 0x00007ffd995fa000 	C:\WINDOWS\SYSTEM32\VERSION.dll
0x00007ffd90aa0000 - 0x00007ffd90ac7000 	C:\WINDOWS\SYSTEM32\WINMM.dll
0x00007ffd85a50000 - 0x00007ffd85a59000 	C:\WINDOWS\SYSTEM32\WSOCK32.dll
0x00007ffda15f0000 - 0x00007ffda165b000 	C:\WINDOWS\System32\WS2_32.dll
0x00007ffd9d9f0000 - 0x00007ffd9da02000 	C:\WINDOWS\SYSTEM32\kernel.appcore.dll
0x00007ffd998c0000 - 0x00007ffd998ca000 	C:\Users\VIVEK SHAHAPURE\eclipse\plugins\org.eclipse.justj.openjdk.hotspot.jre.full.win32.x86_64_17.0.3.v20220515-1416\jre\bin\jimage.dll
0x00007ffd9d6e0000 - 0x00007ffd9d8c4000 	C:\WINDOWS\SYSTEM32\DBGHELP.DLL
0x00007ffd97f70000 - 0x00007ffd97f9c000 	C:\WINDOWS\SYSTEM32\dbgcore.DLL
0x00007ffd9f730000 - 0x00007ffd9f7b2000 	C:\WINDOWS\System32\bcryptPrimitives.dll
0x00007ffd69f80000 - 0x00007ffd69fa5000 	C:\Users\VIVEK SHAHAPURE\eclipse\plugins\org.eclipse.justj.openjdk.hotspot.jre.full.win32.x86_64_17.0.3.v20220515-1416\jre\bin\java.dll
0x00007ffd7c370000 - 0x00007ffd7c388000 	C:\Users\VIVEK SHAHAPURE\eclipse\plugins\org.eclipse.justj.openjdk.hotspot.jre.full.win32.x86_64_17.0.3.v20220515-1416\jre\bin\zip.dll
0x00007ffd9faf0000 - 0x00007ffda0233000 	C:\WINDOWS\System32\SHELL32.dll
0x00007ffd9ce80000 - 0x00007ffd9d615000 	C:\WINDOWS\SYSTEM32\windows.storage.dll
0x00007ffda0b10000 - 0x00007ffda0e64000 	C:\WINDOWS\System32\combase.dll
0x00007ffd9ec10000 - 0x00007ffd9ec40000 	C:\WINDOWS\SYSTEM32\Wldp.dll
0x00007ffda18d0000 - 0x00007ffda197d000 	C:\WINDOWS\System32\SHCORE.dll
0x00007ffda0390000 - 0x00007ffda03e5000 	C:\WINDOWS\System32\shlwapi.dll
0x00007ffd9f0f0000 - 0x00007ffd9f10f000 	C:\WINDOWS\SYSTEM32\profapi.dll
0x00007ffd799e0000 - 0x00007ffd799f9000 	C:\Users\VIVEK SHAHAPURE\eclipse\plugins\org.eclipse.justj.openjdk.hotspot.jre.full.win32.x86_64_17.0.3.v20220515-1416\jre\bin\net.dll
0x00007ffd98e60000 - 0x00007ffd98f6a000 	C:\WINDOWS\SYSTEM32\WINHTTP.dll
0x00007ffd9e970000 - 0x00007ffd9e9da000 	C:\WINDOWS\system32\mswsock.dll
0x00007ffd6eae0000 - 0x00007ffd6eaf5000 	C:\Users\VIVEK SHAHAPURE\eclipse\plugins\org.eclipse.justj.openjdk.hotspot.jre.full.win32.x86_64_17.0.3.v20220515-1416\jre\bin\nio.dll
0x00007ffd92da0000 - 0x00007ffd92da9000 	C:\Users\VIVEK SHAHAPURE\eclipse\plugins\org.eclipse.justj.openjdk.hotspot.jre.full.win32.x86_64_17.0.3.v20220515-1416\jre\bin\management.dll
0x00007ffd8dae0000 - 0x00007ffd8daeb000 	C:\Users\VIVEK SHAHAPURE\eclipse\plugins\org.eclipse.justj.openjdk.hotspot.jre.full.win32.x86_64_17.0.3.v20220515-1416\jre\bin\management_ext.dll
0x00007ffd824c0000 - 0x00007ffd824d7000 	C:\WINDOWS\system32\napinsp.dll
0x00007ffd824a0000 - 0x00007ffd824bb000 	C:\WINDOWS\system32\pnrpnsp.dll
0x00007ffd82480000 - 0x00007ffd82495000 	C:\WINDOWS\system32\wshbth.dll
0x00007ffd99780000 - 0x00007ffd9979d000 	C:\WINDOWS\system32\NLAapi.dll
0x00007ffd9e5f0000 - 0x00007ffd9e62b000 	C:\WINDOWS\SYSTEM32\IPHLPAPI.DLL
0x00007ffd9e660000 - 0x00007ffd9e72a000 	C:\WINDOWS\SYSTEM32\DNSAPI.dll
0x00007ffda03f0000 - 0x00007ffda03f8000 	C:\WINDOWS\System32\NSI.dll
0x00007ffd82410000 - 0x00007ffd82422000 	C:\WINDOWS\System32\winrnr.dll
0x00007ffd95b00000 - 0x00007ffd95b0a000 	C:\Windows\System32\rasadhlp.dll
0x00007ffd963a0000 - 0x00007ffd96420000 	C:\WINDOWS\System32\fwpuclnt.dll
0x00007ffd9f1b0000 - 0x00007ffd9f1d7000 	C:\WINDOWS\System32\bcrypt.dll
0x00007ffd9eb60000 - 0x00007ffd9eb78000 	C:\WINDOWS\SYSTEM32\CRYPTSP.dll
0x00007ffd9e240000 - 0x00007ffd9e274000 	C:\WINDOWS\system32\rsaenh.dll
0x00007ffd9f070000 - 0x00007ffd9f09e000 	C:\WINDOWS\SYSTEM32\USERENV.dll
0x00007ffd9eb80000 - 0x00007ffd9eb8c000 	C:\WINDOWS\SYSTEM32\CRYPTBASE.dll
0x00007ffd99470000 - 0x00007ffd99487000 	C:\WINDOWS\SYSTEM32\dhcpcsvc6.DLL
0x00007ffd99450000 - 0x00007ffd9946d000 	C:\WINDOWS\SYSTEM32\dhcpcsvc.DLL
0x00007ffd996b0000 - 0x00007ffd996c0000 	C:\Users\VIVEK SHAHAPURE\eclipse\plugins\org.eclipse.justj.openjdk.hotspot.jre.full.win32.x86_64_17.0.3.v20220515-1416\jre\bin\verify.dll
0x00007ffd96560000 - 0x00007ffd9656e000 	C:\Users\VIVEK SHAHAPURE\eclipse\plugins\org.eclipse.justj.openjdk.hotspot.jre.full.win32.x86_64_17.0.3.v20220515-1416\jre\bin\sunmscapi.dll
0x00007ffd9f560000 - 0x00007ffd9f6b6000 	C:\WINDOWS\System32\CRYPT32.dll
0x00007ffd9ec80000 - 0x00007ffd9eca7000 	C:\WINDOWS\SYSTEM32\ncrypt.dll
0x00007ffd9ec40000 - 0x00007ffd9ec7b000 	C:\WINDOWS\SYSTEM32\NTASN1.dll

dbghelp: loaded successfully - version: 4.0.5 - missing functions: none
symbol engine: initialized successfully - sym options: 0x614 - pdb path: .;C:\Users\VIVEK SHAHAPURE\eclipse\plugins\org.eclipse.justj.openjdk.hotspot.jre.full.win32.x86_64_17.0.3.v20220515-1416\jre\bin;C:\WINDOWS\SYSTEM32;C:\WINDOWS\WinSxS\amd64_microsoft.windows.common-controls_6595b64144ccf1df_6.0.19041.1110_none_60b5254171f9507e;C:\Users\VIVEK SHAHAPURE\eclipse\plugins\org.eclipse.justj.openjdk.hotspot.jre.full.win32.x86_64_17.0.3.v20220515-1416\jre\bin\server

VM Arguments:
jvm_args: -Dcom.sun.management.jmxremote -Dcom.sun.management.jmxremote.port=62784 -Dcom.sun.management.jmxremote.authenticate=false -Dcom.sun.management.jmxremote.ssl=false -Djava.rmi.server.hostname=localhost -Dspring.jmx.enabled=true -Dspring.application.admin.enabled=true -XX:TieredStopAtLevel=1 -Dspring.boot.project.name=demo -Dfile.encoding=UTF-8 -XX:+ShowCodeDetailsInExceptionMessages 
java_command: com.app.Application
java_class_path (initial): G:\Project docs\Green_Mart\demo\target\classes;C:\Users\VIVEK SHAHAPURE\.m2\repository\org\springframework\boot\spring-boot-starter-data-jpa\2.7.3\spring-boot-starter-data-jpa-2.7.3.jar;C:\Users\VIVEK SHAHAPURE\.m2\repository\org\springframework\boot\spring-boot-starter-aop\2.7.3\spring-boot-starter-aop-2.7.3.jar;C:\Users\VIVEK SHAHAPURE\.m2\repository\org\aspectj\aspectjweaver\1.9.7\aspectjweaver-1.9.7.jar;C:\Users\VIVEK SHAHAPURE\.m2\repository\org\springframework\boot\spring-boot-starter-jdbc\2.7.3\spring-boot-starter-jdbc-2.7.3.jar;C:\Users\VIVEK SHAHAPURE\.m2\repository\com\zaxxer\HikariCP\4.0.3\HikariCP-4.0.3.jar;C:\Users\VIVEK SHAHAPURE\.m2\repository\org\springframework\spring-jdbc\5.3.22\spring-jdbc-5.3.22.jar;C:\Users\VIVEK SHAHAPURE\.m2\repository\jakarta\transaction\jakarta.transaction-api\1.3.3\jakarta.transaction-api-1.3.3.jar;C:\Users\VIVEK SHAHAPURE\.m2\repository\jakarta\persistence\jakarta.persistence-api\2.2.3\jakarta.persistence-api-2.2.3.jar;C:\Users\VIVEK SHAHAPURE\.m2\repository\org\hibernate\hibernate-core\5.6.10.Final\hibernate-core-5.6.10.Final.jar;C:\Users\VIVEK SHAHAPURE\.m2\repository\org\jboss\logging\jboss-logging\3.4.3.Final\jboss-logging-3.4.3.Final.jar;C:\Users\VIVEK SHAHAPURE\.m2\repository\net\bytebuddy\byte-buddy\1.12.13\byte-buddy-1.12.13.jar;C:\Users\VIVEK SHAHAPURE\.m2\repository\antlr\antlr\2.7.7\antlr-2.7.7.jar;C:\Users\VIVEK SHAHAPURE\.m2\repository\org\jboss\jandex\2.4.2.Final\jandex-2.4.2.Final.jar;C:\Users\VIVEK SHAHAPURE\.m2\repository\com\fasterxml\classmate\1.5.1\classmate-1.5.1.jar;C:\Users\VIVEK SHAHAPURE\.m2\repository\org\hibernate\common\hibernate-commons-annotations\5.1.2.Final\hibernate-commons-annotations-5.1.2.Final.jar;C:\Users\VIVEK SHAHAPURE\.m2\repository\org\glassfish\jaxb\jaxb-runtime\2.3.6\jaxb-runtime-2.3.6.jar;C:\Users\VIVEK SHAHAPURE\.m2\repository\org\glassfish\jaxb\txw2\2.3.6\txw2-2.3.6.jar;C:\Users\VIVEK SHAHAPURE\.m2\repository\com\sun\istack\istack-commons-runtime\3
Launcher Type: SUN_STANDARD

[Global flags]
     intx CICompilerCount                          = 4                                         {product} {ergonomic}
     uint ConcGCThreads                            = 2                                         {product} {ergonomic}
     uint G1ConcRefinementThreads                  = 8                                         {product} {ergonomic}
   size_t G1HeapRegionSize                         = 1048576                                   {product} {ergonomic}
    uintx GCDrainStackTargetSize                   = 64                                        {product} {ergonomic}
   size_t InitialHeapSize                          = 132120576                                 {product} {ergonomic}
     bool ManagementServer                         = true                                      {product} {command line}
   size_t MarkStackSize                            = 4194304                                   {product} {ergonomic}
   size_t MaxHeapSize                              = 2086666240                                {product} {ergonomic}
   size_t MaxNewSize                               = 1251999744                                {product} {ergonomic}
   size_t MinHeapDeltaBytes                        = 1048576                                   {product} {ergonomic}
   size_t MinHeapSize                              = 8388608                                   {product} {ergonomic}
    uintx NonProfiledCodeHeapSize                  = 0                                      {pd product} {ergonomic}
     bool ProfileInterpreter                       = false                                  {pd product} {command line}
    uintx ProfiledCodeHeapSize                     = 0                                      {pd product} {ergonomic}
     bool ShowCodeDetailsInExceptionMessages       = true                                   {manageable} {command line}
   size_t SoftMaxHeapSize                          = 2086666240                             {manageable} {ergonomic}
     intx TieredStopAtLevel                        = 1                                         {product} {command line}
     bool UseCompressedClassPointers               = true                           {product lp64_product} {ergonomic}
     bool UseCompressedOops                        = true                           {product lp64_product} {ergonomic}
     bool UseG1GC                                  = true                                      {product} {ergonomic}
     bool UseLargePagesIndividualAllocation        = false                                  {pd product} {ergonomic}

Logging:
Log output configuration:
 #0: stdout all=warning uptime,level,tags
 #1: stderr all=off uptime,level,tags

Environment Variables:
PATH=C:/Users/VIVEK SHAHAPURE/eclipse//plugins/org.eclipse.justj.openjdk.hotspot.jre.full.win32.x86_64_17.0.3.v20220515-1416/jre/bin/server;C:/Users/VIVEK SHAHAPURE/eclipse//plugins/org.eclipse.justj.openjdk.hotspot.jre.full.win32.x86_64_17.0.3.v20220515-1416/jre/bin;C:\Program Files (x86)\Common Files\Oracle\Java\javapath;C:\Windows\system32;C:\Windows;C:\Windows\System32\Wbem;C:\Windows\System32\WindowsPowerShell\v1.0\;C:\Windows\System32\OpenSSH\;C:\Program Files\NVIDIA Corporation\NVIDIA NvDLISR;C:\Windows\IsmFiles;C:\WINDOWS\system32;C:\WINDOWS;C:\WINDOWS\System32\Wbem;C:\WINDOWS\System32\WindowsPowerShell\v1.0\;C:\WINDOWS\System32\OpenSSH\;C:\TDM-GCC-32\bin;C:\Program Files\Microsoft SQL Server\120\Tools\Binn\;C:\Program Files\Common Files\Autodesk Shared\;C:\Program Files (x86)\NVIDIA Corporation\PhysX\Common;C:\Program Files\dotnet\;C:\Program Files\Microsoft SQL Server\150\Tools\Binn\;C:\Program Files\Microsoft SQL Server\130\Tools\Binn\;C:\Program Files\MySQL\MySQL Server 8.0\bin;C:\Program Files\MongoDB\Server\5.0\bin;C:\Program Files\MongoDB\Tools\100\bin;C:\Program Files\nodejs\;C:\Program Files\Microsoft SQL Server\Client SDK\ODBC\110\Tools\Binn\;C:\Program Files (x86)\Microsoft SQL Server\120\Tools\Binn\;C:\Program Files\Microsoft SQL Server\120\DTS\Binn\;C:\Program Files (x86)\Microsoft SQL Server\120\Tools\Binn\ManagementStudio\;C:\Program Files (x86)\Microsoft SQL Server\120\DTS\Binn\;C:\Program Files\Docker\Docker\resources\bin;C:\ProgramData\DockerDesktop\version-bin;C:\Program Files\MySQL\MySQL Shell 8.0\bin\;C:\Users\VIVEK SHAHAPURE\AppData\Local\Microsoft\WindowsApps;C:\Users\VIVEK SHAHAPURE\AppData\Local\Programs\Microsoft VS Code\bin;C:\Program Files\Java\jdk1.8.0_202\bin;C:\Users\VIVEK SHAHAPURE\.dotnet\tools;C:\Users\VIVEK SHAHAPURE\AppData\Roaming\npm;C:\Program Files\Git\bin;;C:\Users\VIVEK SHAHAPURE\eclipse;
USERNAME=VIVEK SHAHAPURE
OS=Windows_NT
PROCESSOR_IDENTIFIER=Intel64 Family 6 Model 126 Stepping 5, GenuineIntel



---------------  S Y S T E M  ---------------

OS:
 Windows 10 , 64 bit Build 19041 (10.0.19041.1889)
OS uptime: 8 days 23:39 hours
Hyper-V role detected

CPU: total 8 (initial active 8) (4 cores per cpu, 2 threads per core) family 6 model 126 stepping 5 microcode 0xb2, cx8, cmov, fxsr, ht, mmx, 3dnowpref, sse, sse2, sse3, ssse3, sse4.1, sse4.2, popcnt, lzcnt, tsc, tscinvbit, avx, avx2, aes, erms, clmul, bmi1, bmi2, adx, avx512f, avx512dq, avx512cd, avx512bw, avx512vl, sha, fma, vzeroupper, avx512_vpopcntdq, avx512_vpclmulqdq, avx512_vaes, avx512_vnni, clflush, clflushopt, avx512_vbmi2, avx512_vbmi, hv

Memory: 4k page, system-wide physical 7959M (260M free)
TotalPageFile size 32535M (AvailPageFile size 0M)
current process WorkingSet (physical memory assigned to process): 158M, peak: 158M
current process commit charge ("private bytes"): 192M, peak: 229M

vm_info: OpenJDK 64-Bit Server VM (17.0.3+7) for windows-amd64 JRE (17.0.3+7), built on Apr 19 2022 16:55:35 by "" with MS VC++ 16.7 (VS2019)

END.
